Error: EPERM: operation not permitted, open '/Users/sparrow/Desktop/sparrow-work/study/star/anything/summary/autoCleanPm2Flush/index.js'
    at Object.openSync (node:fs:585:3)
    at Object.readFileSync (node:fs:453:35)
    at Object.Module._extensions..js (node:internal/modules/cjs/loader:1120:18)
    at Module.load (node:internal/modules/cjs/loader:981:32)
    at Function.Module._load (node:internal/modules/cjs/loader:822:12)
    at Object.<anonymous> (/usr/local/lib/node_modules/pm2/lib/ProcessContainerFork.js:33:23)
    at Module._compile (node:internal/modules/cjs/loader:1103:14)
    at Object.Module._extensions..js (node:internal/modules/cjs/loader:1155:10)
    at Module.load (node:internal/modules/cjs/loader:981:32)
    at Function.Module._load (node:internal/modules/cjs/loader:822:12) {
  errno: -1,
  syscall: 'open',
  code: 'EPERM',
  path: '/Users/sparrow/Desktop/sparrow-work/study/star/anything/summary/autoCleanPm2Flush/index.js'
}
Error: EPERM: operation not permitted, open '/Users/sparrow/Desktop/sparrow-work/study/star/anything/summary/autoCleanPm2Flush/index.js'
    at Object.openSync (node:fs:585:3)
    at Object.readFileSync (node:fs:453:35)
    at Object.Module._extensions..js (node:internal/modules/cjs/loader:1120:18)
    at Module.load (node:internal/modules/cjs/loader:981:32)
    at Function.Module._load (node:internal/modules/cjs/loader:822:12)
    at Object.<anonymous> (/usr/local/lib/node_modules/pm2/lib/ProcessContainerFork.js:33:23)
    at Module._compile (node:internal/modules/cjs/loader:1103:14)
    at Object.Module._extensions..js (node:internal/modules/cjs/loader:1155:10)
    at Module.load (node:internal/modules/cjs/loader:981:32)
    at Function.Module._load (node:internal/modules/cjs/loader:822:12) {
  errno: -1,
  syscall: 'open',
  code: 'EPERM',
  path: '/Users/sparrow/Desktop/sparrow-work/study/star/anything/summary/autoCleanPm2Flush/index.js'
}
Error: EPERM: operation not permitted, open '/Users/sparrow/Desktop/sparrow-work/study/star/anything/summary/autoCleanPm2Flush/index.js'
    at Object.openSync (node:fs:585:3)
    at Object.readFileSync (node:fs:453:35)
    at Object.Module._extensions..js (node:internal/modules/cjs/loader:1120:18)
    at Module.load (node:internal/modules/cjs/loader:981:32)
    at Function.Module._load (node:internal/modules/cjs/loader:822:12)
    at Object.<anonymous> (/usr/local/lib/node_modules/pm2/lib/ProcessContainerFork.js:33:23)
    at Module._compile (node:internal/modules/cjs/loader:1103:14)
    at Object.Module._extensions..js (node:internal/modules/cjs/loader:1155:10)
    at Module.load (node:internal/modules/cjs/loader:981:32)
    at Function.Module._load (node:internal/modules/cjs/loader:822:12) {
  errno: -1,
  syscall: 'open',
  code: 'EPERM',
  path: '/Users/sparrow/Desktop/sparrow-work/study/star/anything/summary/autoCleanPm2Flush/index.js'
}
Error: EPERM: operation not permitted, open '/Users/sparrow/Desktop/sparrow-work/study/star/anything/summary/autoCleanPm2Flush/index.js'
    at Object.openSync (node:fs:585:3)
    at Object.readFileSync (node:fs:453:35)
    at Object.Module._extensions..js (node:internal/modules/cjs/loader:1120:18)
    at Module.load (node:internal/modules/cjs/loader:981:32)
    at Function.Module._load (node:internal/modules/cjs/loader:822:12)
    at Object.<anonymous> (/usr/local/lib/node_modules/pm2/lib/ProcessContainerFork.js:33:23)
    at Module._compile (node:internal/modules/cjs/loader:1103:14)
    at Object.Module._extensions..js (node:internal/modules/cjs/loader:1155:10)
    at Module.load (node:internal/modules/cjs/loader:981:32)
    at Function.Module._load (node:internal/modules/cjs/loader:822:12) {
  errno: -1,
  syscall: 'open',
  code: 'EPERM',
  path: '/Users/sparrow/Desktop/sparrow-work/study/star/anything/summary/autoCleanPm2Flush/index.js'
}
Error: EPERM: operation not permitted, open '/Users/sparrow/Desktop/sparrow-work/study/star/anything/summary/autoCleanPm2Flush/index.js'
    at Object.openSync (node:fs:585:3)
    at Object.readFileSync (node:fs:453:35)
    at Object.Module._extensions..js (node:internal/modules/cjs/loader:1120:18)
    at Module.load (node:internal/modules/cjs/loader:981:32)
    at Function.Module._load (node:internal/modules/cjs/loader:822:12)
    at Object.<anonymous> (/usr/local/lib/node_modules/pm2/lib/ProcessContainerFork.js:33:23)
    at Module._compile (node:internal/modules/cjs/loader:1103:14)
    at Object.Module._extensions..js (node:internal/modules/cjs/loader:1155:10)
    at Module.load (node:internal/modules/cjs/loader:981:32)
    at Function.Module._load (node:internal/modules/cjs/loader:822:12) {
  errno: -1,
  syscall: 'open',
  code: 'EPERM',
  path: '/Users/sparrow/Desktop/sparrow-work/study/star/anything/summary/autoCleanPm2Flush/index.js'
}
Error: EPERM: operation not permitted, open '/Users/sparrow/Desktop/sparrow-work/study/star/anything/summary/autoCleanPm2Flush/index.js'
    at Object.openSync (node:fs:585:3)
    at Object.readFileSync (node:fs:453:35)
    at Object.Module._extensions..js (node:internal/modules/cjs/loader:1120:18)
    at Module.load (node:internal/modules/cjs/loader:981:32)
    at Function.Module._load (node:internal/modules/cjs/loader:822:12)
    at Object.<anonymous> (/usr/local/lib/node_modules/pm2/lib/ProcessContainerFork.js:33:23)
    at Module._compile (node:internal/modules/cjs/loader:1103:14)
    at Object.Module._extensions..js (node:internal/modules/cjs/loader:1155:10)
    at Module.load (node:internal/modules/cjs/loader:981:32)
    at Function.Module._load (node:internal/modules/cjs/loader:822:12) {
  errno: -1,
  syscall: 'open',
  code: 'EPERM',
  path: '/Users/sparrow/Desktop/sparrow-work/study/star/anything/summary/autoCleanPm2Flush/index.js'
}
Error: EPERM: operation not permitted, open '/Users/sparrow/Desktop/sparrow-work/study/star/anything/summary/autoCleanPm2Flush/index.js'
    at Object.openSync (node:fs:585:3)
    at Object.readFileSync (node:fs:453:35)
    at Object.Module._extensions..js (node:internal/modules/cjs/loader:1120:18)
    at Module.load (node:internal/modules/cjs/loader:981:32)
    at Function.Module._load (node:internal/modules/cjs/loader:822:12)
    at Object.<anonymous> (/usr/local/lib/node_modules/pm2/lib/ProcessContainerFork.js:33:23)
    at Module._compile (node:internal/modules/cjs/loader:1103:14)
    at Object.Module._extensions..js (node:internal/modules/cjs/loader:1155:10)
    at Module.load (node:internal/modules/cjs/loader:981:32)
    at Function.Module._load (node:internal/modules/cjs/loader:822:12) {
  errno: -1,
  syscall: 'open',
  code: 'EPERM',
  path: '/Users/sparrow/Desktop/sparrow-work/study/star/anything/summary/autoCleanPm2Flush/index.js'
}
Error: EPERM: operation not permitted, open '/Users/sparrow/Desktop/sparrow-work/study/star/anything/summary/autoCleanPm2Flush/index.js'
    at Object.openSync (node:fs:585:3)
    at Object.readFileSync (node:fs:453:35)
    at Object.Module._extensions..js (node:internal/modules/cjs/loader:1120:18)
    at Module.load (node:internal/modules/cjs/loader:981:32)
    at Function.Module._load (node:internal/modules/cjs/loader:822:12)
    at Object.<anonymous> (/usr/local/lib/node_modules/pm2/lib/ProcessContainerFork.js:33:23)
    at Module._compile (node:internal/modules/cjs/loader:1103:14)
    at Object.Module._extensions..js (node:internal/modules/cjs/loader:1155:10)
    at Module.load (node:internal/modules/cjs/loader:981:32)
    at Function.Module._load (node:internal/modules/cjs/loader:822:12) {
  errno: -1,
  syscall: 'open',
  code: 'EPERM',
  path: '/Users/sparrow/Desktop/sparrow-work/study/star/anything/summary/autoCleanPm2Flush/index.js'
}
Error: EPERM: operation not permitted, open '/Users/sparrow/Desktop/sparrow-work/study/star/anything/summary/autoCleanPm2Flush/index.js'
    at Object.openSync (node:fs:585:3)
    at Object.readFileSync (node:fs:453:35)
    at Object.Module._extensions..js (node:internal/modules/cjs/loader:1120:18)
    at Module.load (node:internal/modules/cjs/loader:981:32)
    at Function.Module._load (node:internal/modules/cjs/loader:822:12)
    at Object.<anonymous> (/usr/local/lib/node_modules/pm2/lib/ProcessContainerFork.js:33:23)
    at Module._compile (node:internal/modules/cjs/loader:1103:14)
    at Object.Module._extensions..js (node:internal/modules/cjs/loader:1155:10)
    at Module.load (node:internal/modules/cjs/loader:981:32)
    at Function.Module._load (node:internal/modules/cjs/loader:822:12) {
  errno: -1,
  syscall: 'open',
  code: 'EPERM',
  path: '/Users/sparrow/Desktop/sparrow-work/study/star/anything/summary/autoCleanPm2Flush/index.js'
}
Error: EPERM: operation not permitted, open '/Users/sparrow/Desktop/sparrow-work/study/star/anything/summary/autoCleanPm2Flush/index.js'
    at Object.openSync (node:fs:585:3)
    at Object.readFileSync (node:fs:453:35)
    at Object.Module._extensions..js (node:internal/modules/cjs/loader:1120:18)
    at Module.load (node:internal/modules/cjs/loader:981:32)
    at Function.Module._load (node:internal/modules/cjs/loader:822:12)
    at Object.<anonymous> (/usr/local/lib/node_modules/pm2/lib/ProcessContainerFork.js:33:23)
    at Module._compile (node:internal/modules/cjs/loader:1103:14)
    at Object.Module._extensions..js (node:internal/modules/cjs/loader:1155:10)
    at Module.load (node:internal/modules/cjs/loader:981:32)
    at Function.Module._load (node:internal/modules/cjs/loader:822:12) {
  errno: -1,
  syscall: 'open',
  code: 'EPERM',
  path: '/Users/sparrow/Desktop/sparrow-work/study/star/anything/summary/autoCleanPm2Flush/index.js'
}
Error: EPERM: operation not permitted, open '/Users/sparrow/Desktop/sparrow-work/study/star/anything/summary/autoCleanPm2Flush/index.js'
    at Object.openSync (node:fs:585:3)
    at Object.readFileSync (node:fs:453:35)
    at Object.Module._extensions..js (node:internal/modules/cjs/loader:1120:18)
    at Module.load (node:internal/modules/cjs/loader:981:32)
    at Function.Module._load (node:internal/modules/cjs/loader:822:12)
    at Object.<anonymous> (/usr/local/lib/node_modules/pm2/lib/ProcessContainerFork.js:33:23)
    at Module._compile (node:internal/modules/cjs/loader:1103:14)
    at Object.Module._extensions..js (node:internal/modules/cjs/loader:1155:10)
    at Module.load (node:internal/modules/cjs/loader:981:32)
    at Function.Module._load (node:internal/modules/cjs/loader:822:12) {
  errno: -1,
  syscall: 'open',
  code: 'EPERM',
  path: '/Users/sparrow/Desktop/sparrow-work/study/star/anything/summary/autoCleanPm2Flush/index.js'
}
Error: EPERM: operation not permitted, open '/Users/sparrow/Desktop/sparrow-work/study/star/anything/summary/autoCleanPm2Flush/index.js'
    at Object.openSync (node:fs:585:3)
    at Object.readFileSync (node:fs:453:35)
    at Object.Module._extensions..js (node:internal/modules/cjs/loader:1120:18)
    at Module.load (node:internal/modules/cjs/loader:981:32)
    at Function.Module._load (node:internal/modules/cjs/loader:822:12)
    at Object.<anonymous> (/usr/local/lib/node_modules/pm2/lib/ProcessContainerFork.js:33:23)
    at Module._compile (node:internal/modules/cjs/loader:1103:14)
    at Object.Module._extensions..js (node:internal/modules/cjs/loader:1155:10)
    at Module.load (node:internal/modules/cjs/loader:981:32)
    at Function.Module._load (node:internal/modules/cjs/loader:822:12) {
  errno: -1,
  syscall: 'open',
  code: 'EPERM',
  path: '/Users/sparrow/Desktop/sparrow-work/study/star/anything/summary/autoCleanPm2Flush/index.js'
}
Error: EPERM: operation not permitted, open '/Users/sparrow/Desktop/sparrow-work/study/star/anything/summary/autoCleanPm2Flush/index.js'
    at Object.openSync (node:fs:585:3)
    at Object.readFileSync (node:fs:453:35)
    at Object.Module._extensions..js (node:internal/modules/cjs/loader:1120:18)
    at Module.load (node:internal/modules/cjs/loader:981:32)
    at Function.Module._load (node:internal/modules/cjs/loader:822:12)
    at Object.<anonymous> (/usr/local/lib/node_modules/pm2/lib/ProcessContainerFork.js:33:23)
    at Module._compile (node:internal/modules/cjs/loader:1103:14)
    at Object.Module._extensions..js (node:internal/modules/cjs/loader:1155:10)
    at Module.load (node:internal/modules/cjs/loader:981:32)
    at Function.Module._load (node:internal/modules/cjs/loader:822:12) {
  errno: -1,
  syscall: 'open',
  code: 'EPERM',
  path: '/Users/sparrow/Desktop/sparrow-work/study/star/anything/summary/autoCleanPm2Flush/index.js'
}
Error: EPERM: operation not permitted, open '/Users/sparrow/Desktop/sparrow-work/study/star/anything/summary/autoCleanPm2Flush/index.js'
    at Object.openSync (node:fs:585:3)
    at Object.readFileSync (node:fs:453:35)
    at Object.Module._extensions..js (node:internal/modules/cjs/loader:1120:18)
    at Module.load (node:internal/modules/cjs/loader:981:32)
    at Function.Module._load (node:internal/modules/cjs/loader:822:12)
    at Object.<anonymous> (/usr/local/lib/node_modules/pm2/lib/ProcessContainerFork.js:33:23)
    at Module._compile (node:internal/modules/cjs/loader:1103:14)
    at Object.Module._extensions..js (node:internal/modules/cjs/loader:1155:10)
    at Module.load (node:internal/modules/cjs/loader:981:32)
    at Function.Module._load (node:internal/modules/cjs/loader:822:12) {
  errno: -1,
  syscall: 'open',
  code: 'EPERM',
  path: '/Users/sparrow/Desktop/sparrow-work/study/star/anything/summary/autoCleanPm2Flush/index.js'
}
Error: EPERM: operation not permitted, open '/Users/sparrow/Desktop/sparrow-work/study/star/anything/summary/autoCleanPm2Flush/index.js'
    at Object.openSync (node:fs:585:3)
    at Object.readFileSync (node:fs:453:35)
    at Object.Module._extensions..js (node:internal/modules/cjs/loader:1120:18)
    at Module.load (node:internal/modules/cjs/loader:981:32)
    at Function.Module._load (node:internal/modules/cjs/loader:822:12)
    at Object.<anonymous> (/usr/local/lib/node_modules/pm2/lib/ProcessContainerFork.js:33:23)
    at Module._compile (node:internal/modules/cjs/loader:1103:14)
    at Object.Module._extensions..js (node:internal/modules/cjs/loader:1155:10)
    at Module.load (node:internal/modules/cjs/loader:981:32)
    at Function.Module._load (node:internal/modules/cjs/loader:822:12) {
  errno: -1,
  syscall: 'open',
  code: 'EPERM',
  path: '/Users/sparrow/Desktop/sparrow-work/study/star/anything/summary/autoCleanPm2Flush/index.js'
}
Error: EPERM: operation not permitted, open '/Users/sparrow/Desktop/sparrow-work/study/star/anything/summary/autoCleanPm2Flush/index.js'
    at Object.openSync (node:fs:585:3)
    at Object.readFileSync (node:fs:453:35)
    at Object.Module._extensions..js (node:internal/modules/cjs/loader:1120:18)
    at Module.load (node:internal/modules/cjs/loader:981:32)
    at Function.Module._load (node:internal/modules/cjs/loader:822:12)
    at Object.<anonymous> (/usr/local/lib/node_modules/pm2/lib/ProcessContainerFork.js:33:23)
    at Module._compile (node:internal/modules/cjs/loader:1103:14)
    at Object.Module._extensions..js (node:internal/modules/cjs/loader:1155:10)
    at Module.load (node:internal/modules/cjs/loader:981:32)
    at Function.Module._load (node:internal/modules/cjs/loader:822:12) {
  errno: -1,
  syscall: 'open',
  code: 'EPERM',
  path: '/Users/sparrow/Desktop/sparrow-work/study/star/anything/summary/autoCleanPm2Flush/index.js'
}
Error: EPERM: operation not permitted, open '/Users/sparrow/Desktop/sparrow-work/study/star/anything/summary/autoCleanPm2Flush/index.js'
    at Object.openSync (node:fs:585:3)
    at Object.readFileSync (node:fs:453:35)
    at Object.Module._extensions..js (node:internal/modules/cjs/loader:1120:18)
    at Module.load (node:internal/modules/cjs/loader:981:32)
    at Function.Module._load (node:internal/modules/cjs/loader:822:12)
    at Object.<anonymous> (/usr/local/lib/node_modules/pm2/lib/ProcessContainerFork.js:33:23)
    at Module._compile (node:internal/modules/cjs/loader:1103:14)
    at Object.Module._extensions..js (node:internal/modules/cjs/loader:1155:10)
    at Module.load (node:internal/modules/cjs/loader:981:32)
    at Function.Module._load (node:internal/modules/cjs/loader:822:12) {
  errno: -1,
  syscall: 'open',
  code: 'EPERM',
  path: '/Users/sparrow/Desktop/sparrow-work/study/star/anything/summary/autoCleanPm2Flush/index.js'
}
Error: EPERM: operation not permitted, open '/Users/sparrow/Desktop/sparrow-work/study/star/anything/summary/autoCleanPm2Flush/index.js'
    at Object.openSync (node:fs:585:3)
    at Object.readFileSync (node:fs:453:35)
    at Object.Module._extensions..js (node:internal/modules/cjs/loader:1120:18)
    at Module.load (node:internal/modules/cjs/loader:981:32)
    at Function.Module._load (node:internal/modules/cjs/loader:822:12)
    at Object.<anonymous> (/usr/local/lib/node_modules/pm2/lib/ProcessContainerFork.js:33:23)
    at Module._compile (node:internal/modules/cjs/loader:1103:14)
    at Object.Module._extensions..js (node:internal/modules/cjs/loader:1155:10)
    at Module.load (node:internal/modules/cjs/loader:981:32)
    at Function.Module._load (node:internal/modules/cjs/loader:822:12) {
  errno: -1,
  syscall: 'open',
  code: 'EPERM',
  path: '/Users/sparrow/Desktop/sparrow-work/study/star/anything/summary/autoCleanPm2Flush/index.js'
}
Error: EPERM: operation not permitted, open '/Users/sparrow/Desktop/sparrow-work/study/star/anything/summary/autoCleanPm2Flush/index.js'
    at Object.openSync (node:fs:585:3)
    at Object.readFileSync (node:fs:453:35)
    at Object.Module._extensions..js (node:internal/modules/cjs/loader:1120:18)
    at Module.load (node:internal/modules/cjs/loader:981:32)
    at Function.Module._load (node:internal/modules/cjs/loader:822:12)
    at Object.<anonymous> (/usr/local/lib/node_modules/pm2/lib/ProcessContainerFork.js:33:23)
    at Module._compile (node:internal/modules/cjs/loader:1103:14)
    at Object.Module._extensions..js (node:internal/modules/cjs/loader:1155:10)
    at Module.load (node:internal/modules/cjs/loader:981:32)
    at Function.Module._load (node:internal/modules/cjs/loader:822:12) {
  errno: -1,
  syscall: 'open',
  code: 'EPERM',
  path: '/Users/sparrow/Desktop/sparrow-work/study/star/anything/summary/autoCleanPm2Flush/index.js'
}
Error: EPERM: operation not permitted, open '/Users/sparrow/Desktop/sparrow-work/study/star/anything/summary/autoCleanPm2Flush/index.js'
    at Object.openSync (node:fs:585:3)
    at Object.readFileSync (node:fs:453:35)
    at Object.Module._extensions..js (node:internal/modules/cjs/loader:1120:18)
    at Module.load (node:internal/modules/cjs/loader:981:32)
    at Function.Module._load (node:internal/modules/cjs/loader:822:12)
    at Object.<anonymous> (/usr/local/lib/node_modules/pm2/lib/ProcessContainerFork.js:33:23)
    at Module._compile (node:internal/modules/cjs/loader:1103:14)
    at Object.Module._extensions..js (node:internal/modules/cjs/loader:1155:10)
    at Module.load (node:internal/modules/cjs/loader:981:32)
    at Function.Module._load (node:internal/modules/cjs/loader:822:12) {
  errno: -1,
  syscall: 'open',
  code: 'EPERM',
  path: '/Users/sparrow/Desktop/sparrow-work/study/star/anything/summary/autoCleanPm2Flush/index.js'
}
Error: EPERM: operation not permitted, open '/Users/sparrow/Desktop/sparrow-work/study/star/anything/summary/autoCleanPm2Flush/index.js'
    at Object.openSync (node:fs:585:3)
    at Object.readFileSync (node:fs:453:35)
    at Object.Module._extensions..js (node:internal/modules/cjs/loader:1120:18)
    at Module.load (node:internal/modules/cjs/loader:981:32)
    at Function.Module._load (node:internal/modules/cjs/loader:822:12)
    at Object.<anonymous> (/usr/local/lib/node_modules/pm2/lib/ProcessContainerFork.js:33:23)
    at Module._compile (node:internal/modules/cjs/loader:1103:14)
    at Object.Module._extensions..js (node:internal/modules/cjs/loader:1155:10)
    at Module.load (node:internal/modules/cjs/loader:981:32)
    at Function.Module._load (node:internal/modules/cjs/loader:822:12) {
  errno: -1,
  syscall: 'open',
  code: 'EPERM',
  path: '/Users/sparrow/Desktop/sparrow-work/study/star/anything/summary/autoCleanPm2Flush/index.js'
}
Error: EPERM: operation not permitted, open '/Users/sparrow/Desktop/sparrow-work/study/star/anything/summary/autoCleanPm2Flush/index.js'
    at Object.openSync (node:fs:585:3)
    at Object.readFileSync (node:fs:453:35)
    at Object.Module._extensions..js (node:internal/modules/cjs/loader:1120:18)
    at Module.load (node:internal/modules/cjs/loader:981:32)
    at Function.Module._load (node:internal/modules/cjs/loader:822:12)
    at Object.<anonymous> (/usr/local/lib/node_modules/pm2/lib/ProcessContainerFork.js:33:23)
    at Module._compile (node:internal/modules/cjs/loader:1103:14)
    at Object.Module._extensions..js (node:internal/modules/cjs/loader:1155:10)
    at Module.load (node:internal/modules/cjs/loader:981:32)
    at Function.Module._load (node:internal/modules/cjs/loader:822:12) {
  errno: -1,
  syscall: 'open',
  code: 'EPERM',
  path: '/Users/sparrow/Desktop/sparrow-work/study/star/anything/summary/autoCleanPm2Flush/index.js'
}
Error: EPERM: operation not permitted, open '/Users/sparrow/Desktop/sparrow-work/study/star/anything/summary/autoCleanPm2Flush/index.js'
    at Object.openSync (node:fs:585:3)
    at Object.readFileSync (node:fs:453:35)
    at Object.Module._extensions..js (node:internal/modules/cjs/loader:1120:18)
    at Module.load (node:internal/modules/cjs/loader:981:32)
    at Function.Module._load (node:internal/modules/cjs/loader:822:12)
    at Object.<anonymous> (/usr/local/lib/node_modules/pm2/lib/ProcessContainerFork.js:33:23)
    at Module._compile (node:internal/modules/cjs/loader:1103:14)
    at Object.Module._extensions..js (node:internal/modules/cjs/loader:1155:10)
    at Module.load (node:internal/modules/cjs/loader:981:32)
    at Function.Module._load (node:internal/modules/cjs/loader:822:12) {
  errno: -1,
  syscall: 'open',
  code: 'EPERM',
  path: '/Users/sparrow/Desktop/sparrow-work/study/star/anything/summary/autoCleanPm2Flush/index.js'
}
Error: EPERM: operation not permitted, open '/Users/sparrow/Desktop/sparrow-work/study/star/anything/summary/autoCleanPm2Flush/index.js'
    at Object.openSync (node:fs:585:3)
    at Object.readFileSync (node:fs:453:35)
    at Object.Module._extensions..js (node:internal/modules/cjs/loader:1120:18)
    at Module.load (node:internal/modules/cjs/loader:981:32)
    at Function.Module._load (node:internal/modules/cjs/loader:822:12)
    at Object.<anonymous> (/usr/local/lib/node_modules/pm2/lib/ProcessContainerFork.js:33:23)
    at Module._compile (node:internal/modules/cjs/loader:1103:14)
    at Object.Module._extensions..js (node:internal/modules/cjs/loader:1155:10)
    at Module.load (node:internal/modules/cjs/loader:981:32)
    at Function.Module._load (node:internal/modules/cjs/loader:822:12) {
  errno: -1,
  syscall: 'open',
  code: 'EPERM',
  path: '/Users/sparrow/Desktop/sparrow-work/study/star/anything/summary/autoCleanPm2Flush/index.js'
}
Error: EPERM: operation not permitted, open '/Users/sparrow/Desktop/sparrow-work/study/star/anything/summary/autoCleanPm2Flush/index.js'
    at Object.openSync (node:fs:585:3)
    at Object.readFileSync (node:fs:453:35)
    at Object.Module._extensions..js (node:internal/modules/cjs/loader:1120:18)
    at Module.load (node:internal/modules/cjs/loader:981:32)
    at Function.Module._load (node:internal/modules/cjs/loader:822:12)
    at Object.<anonymous> (/usr/local/lib/node_modules/pm2/lib/ProcessContainerFork.js:33:23)
    at Module._compile (node:internal/modules/cjs/loader:1103:14)
    at Object.Module._extensions..js (node:internal/modules/cjs/loader:1155:10)
    at Module.load (node:internal/modules/cjs/loader:981:32)
    at Function.Module._load (node:internal/modules/cjs/loader:822:12) {
  errno: -1,
  syscall: 'open',
  code: 'EPERM',
  path: '/Users/sparrow/Desktop/sparrow-work/study/star/anything/summary/autoCleanPm2Flush/index.js'
}
Error: EPERM: operation not permitted, open '/Users/sparrow/Desktop/sparrow-work/study/star/anything/summary/autoCleanPm2Flush/index.js'
    at Object.openSync (node:fs:585:3)
    at Object.readFileSync (node:fs:453:35)
    at Object.Module._extensions..js (node:internal/modules/cjs/loader:1120:18)
    at Module.load (node:internal/modules/cjs/loader:981:32)
    at Function.Module._load (node:internal/modules/cjs/loader:822:12)
    at Object.<anonymous> (/usr/local/lib/node_modules/pm2/lib/ProcessContainerFork.js:33:23)
    at Module._compile (node:internal/modules/cjs/loader:1103:14)
    at Object.Module._extensions..js (node:internal/modules/cjs/loader:1155:10)
    at Module.load (node:internal/modules/cjs/loader:981:32)
    at Function.Module._load (node:internal/modules/cjs/loader:822:12) {
  errno: -1,
  syscall: 'open',
  code: 'EPERM',
  path: '/Users/sparrow/Desktop/sparrow-work/study/star/anything/summary/autoCleanPm2Flush/index.js'
}
Error: EPERM: operation not permitted, open '/Users/sparrow/Desktop/sparrow-work/study/star/anything/summary/autoCleanPm2Flush/index.js'
    at Object.openSync (node:fs:585:3)
    at Object.readFileSync (node:fs:453:35)
    at Object.Module._extensions..js (node:internal/modules/cjs/loader:1120:18)
    at Module.load (node:internal/modules/cjs/loader:981:32)
    at Function.Module._load (node:internal/modules/cjs/loader:822:12)
    at Object.<anonymous> (/usr/local/lib/node_modules/pm2/lib/ProcessContainerFork.js:33:23)
    at Module._compile (node:internal/modules/cjs/loader:1103:14)
    at Object.Module._extensions..js (node:internal/modules/cjs/loader:1155:10)
    at Module.load (node:internal/modules/cjs/loader:981:32)
    at Function.Module._load (node:internal/modules/cjs/loader:822:12) {
  errno: -1,
  syscall: 'open',
  code: 'EPERM',
  path: '/Users/sparrow/Desktop/sparrow-work/study/star/anything/summary/autoCleanPm2Flush/index.js'
}
Error: EPERM: operation not permitted, open '/Users/sparrow/Desktop/sparrow-work/study/star/anything/summary/autoCleanPm2Flush/index.js'
    at Object.openSync (node:fs:585:3)
    at Object.readFileSync (node:fs:453:35)
    at Object.Module._extensions..js (node:internal/modules/cjs/loader:1120:18)
    at Module.load (node:internal/modules/cjs/loader:981:32)
    at Function.Module._load (node:internal/modules/cjs/loader:822:12)
    at Object.<anonymous> (/usr/local/lib/node_modules/pm2/lib/ProcessContainerFork.js:33:23)
    at Module._compile (node:internal/modules/cjs/loader:1103:14)
    at Object.Module._extensions..js (node:internal/modules/cjs/loader:1155:10)
    at Module.load (node:internal/modules/cjs/loader:981:32)
    at Function.Module._load (node:internal/modules/cjs/loader:822:12) {
  errno: -1,
  syscall: 'open',
  code: 'EPERM',
  path: '/Users/sparrow/Desktop/sparrow-work/study/star/anything/summary/autoCleanPm2Flush/index.js'
}
Error: EPERM: operation not permitted, open '/Users/sparrow/Desktop/sparrow-work/study/star/anything/summary/autoCleanPm2Flush/index.js'
    at Object.openSync (node:fs:585:3)
    at Object.readFileSync (node:fs:453:35)
    at Object.Module._extensions..js (node:internal/modules/cjs/loader:1120:18)
    at Module.load (node:internal/modules/cjs/loader:981:32)
    at Function.Module._load (node:internal/modules/cjs/loader:822:12)
    at Object.<anonymous> (/usr/local/lib/node_modules/pm2/lib/ProcessContainerFork.js:33:23)
    at Module._compile (node:internal/modules/cjs/loader:1103:14)
    at Object.Module._extensions..js (node:internal/modules/cjs/loader:1155:10)
    at Module.load (node:internal/modules/cjs/loader:981:32)
    at Function.Module._load (node:internal/modules/cjs/loader:822:12) {
  errno: -1,
  syscall: 'open',
  code: 'EPERM',
  path: '/Users/sparrow/Desktop/sparrow-work/study/star/anything/summary/autoCleanPm2Flush/index.js'
}
Error: EPERM: operation not permitted, open '/Users/sparrow/Desktop/sparrow-work/study/star/anything/summary/autoCleanPm2Flush/index.js'
    at Object.openSync (node:fs:585:3)
    at Object.readFileSync (node:fs:453:35)
    at Object.Module._extensions..js (node:internal/modules/cjs/loader:1120:18)
    at Module.load (node:internal/modules/cjs/loader:981:32)
    at Function.Module._load (node:internal/modules/cjs/loader:822:12)
    at Object.<anonymous> (/usr/local/lib/node_modules/pm2/lib/ProcessContainerFork.js:33:23)
    at Module._compile (node:internal/modules/cjs/loader:1103:14)
    at Object.Module._extensions..js (node:internal/modules/cjs/loader:1155:10)
    at Module.load (node:internal/modules/cjs/loader:981:32)
    at Function.Module._load (node:internal/modules/cjs/loader:822:12) {
  errno: -1,
  syscall: 'open',
  code: 'EPERM',
  path: '/Users/sparrow/Desktop/sparrow-work/study/star/anything/summary/autoCleanPm2Flush/index.js'
}
Error: EPERM: operation not permitted, open '/Users/sparrow/Desktop/sparrow-work/study/star/anything/summary/autoCleanPm2Flush/index.js'
    at Object.openSync (node:fs:585:3)
    at Object.readFileSync (node:fs:453:35)
    at Object.Module._extensions..js (node:internal/modules/cjs/loader:1120:18)
    at Module.load (node:internal/modules/cjs/loader:981:32)
    at Function.Module._load (node:internal/modules/cjs/loader:822:12)
    at Object.<anonymous> (/usr/local/lib/node_modules/pm2/lib/ProcessContainerFork.js:33:23)
    at Module._compile (node:internal/modules/cjs/loader:1103:14)
    at Object.Module._extensions..js (node:internal/modules/cjs/loader:1155:10)
    at Module.load (node:internal/modules/cjs/loader:981:32)
    at Function.Module._load (node:internal/modules/cjs/loader:822:12) {
  errno: -1,
  syscall: 'open',
  code: 'EPERM',
  path: '/Users/sparrow/Desktop/sparrow-work/study/star/anything/summary/autoCleanPm2Flush/index.js'
}
Error: EPERM: operation not permitted, open '/Users/sparrow/Desktop/sparrow-work/study/star/anything/summary/autoCleanPm2Flush/index.js'
    at Object.openSync (node:fs:585:3)
    at Object.readFileSync (node:fs:453:35)
    at Object.Module._extensions..js (node:internal/modules/cjs/loader:1120:18)
    at Module.load (node:internal/modules/cjs/loader:981:32)
    at Function.Module._load (node:internal/modules/cjs/loader:822:12)
    at Object.<anonymous> (/usr/local/lib/node_modules/pm2/lib/ProcessContainerFork.js:33:23)
    at Module._compile (node:internal/modules/cjs/loader:1103:14)
    at Object.Module._extensions..js (node:internal/modules/cjs/loader:1155:10)
    at Module.load (node:internal/modules/cjs/loader:981:32)
    at Function.Module._load (node:internal/modules/cjs/loader:822:12) {
  errno: -1,
  syscall: 'open',
  code: 'EPERM',
  path: '/Users/sparrow/Desktop/sparrow-work/study/star/anything/summary/autoCleanPm2Flush/index.js'
}
Error: EPERM: operation not permitted, open '/Users/sparrow/Desktop/sparrow-work/study/star/anything/summary/autoCleanPm2Flush/index.js'
    at Object.openSync (node:fs:585:3)
    at Object.readFileSync (node:fs:453:35)
    at Object.Module._extensions..js (node:internal/modules/cjs/loader:1120:18)
    at Module.load (node:internal/modules/cjs/loader:981:32)
    at Function.Module._load (node:internal/modules/cjs/loader:822:12)
    at Object.<anonymous> (/usr/local/lib/node_modules/pm2/lib/ProcessContainerFork.js:33:23)
    at Module._compile (node:internal/modules/cjs/loader:1103:14)
    at Object.Module._extensions..js (node:internal/modules/cjs/loader:1155:10)
    at Module.load (node:internal/modules/cjs/loader:981:32)
    at Function.Module._load (node:internal/modules/cjs/loader:822:12) {
  errno: -1,
  syscall: 'open',
  code: 'EPERM',
  path: '/Users/sparrow/Desktop/sparrow-work/study/star/anything/summary/autoCleanPm2Flush/index.js'
}
Error: EPERM: operation not permitted, open '/Users/sparrow/Desktop/sparrow-work/study/star/anything/summary/autoCleanPm2Flush/index.js'
    at Object.openSync (node:fs:585:3)
    at Object.readFileSync (node:fs:453:35)
    at Object.Module._extensions..js (node:internal/modules/cjs/loader:1120:18)
    at Module.load (node:internal/modules/cjs/loader:981:32)
    at Function.Module._load (node:internal/modules/cjs/loader:822:12)
    at Object.<anonymous> (/usr/local/lib/node_modules/pm2/lib/ProcessContainerFork.js:33:23)
    at Module._compile (node:internal/modules/cjs/loader:1103:14)
    at Object.Module._extensions..js (node:internal/modules/cjs/loader:1155:10)
    at Module.load (node:internal/modules/cjs/loader:981:32)
    at Function.Module._load (node:internal/modules/cjs/loader:822:12) {
  errno: -1,
  syscall: 'open',
  code: 'EPERM',
  path: '/Users/sparrow/Desktop/sparrow-work/study/star/anything/summary/autoCleanPm2Flush/index.js'
}
Error: EPERM: operation not permitted, open '/Users/sparrow/Desktop/sparrow-work/study/star/anything/summary/autoCleanPm2Flush/index.js'
    at Object.openSync (node:fs:585:3)
    at Object.readFileSync (node:fs:453:35)
    at Object.Module._extensions..js (node:internal/modules/cjs/loader:1120:18)
    at Module.load (node:internal/modules/cjs/loader:981:32)
    at Function.Module._load (node:internal/modules/cjs/loader:822:12)
    at Object.<anonymous> (/usr/local/lib/node_modules/pm2/lib/ProcessContainerFork.js:33:23)
    at Module._compile (node:internal/modules/cjs/loader:1103:14)
    at Object.Module._extensions..js (node:internal/modules/cjs/loader:1155:10)
    at Module.load (node:internal/modules/cjs/loader:981:32)
    at Function.Module._load (node:internal/modules/cjs/loader:822:12) {
  errno: -1,
  syscall: 'open',
  code: 'EPERM',
  path: '/Users/sparrow/Desktop/sparrow-work/study/star/anything/summary/autoCleanPm2Flush/index.js'
}
Error: EPERM: operation not permitted, open '/Users/sparrow/Desktop/sparrow-work/study/star/anything/summary/autoCleanPm2Flush/index.js'
    at Object.openSync (node:fs:585:3)
    at Object.readFileSync (node:fs:453:35)
    at Object.Module._extensions..js (node:internal/modules/cjs/loader:1120:18)
    at Module.load (node:internal/modules/cjs/loader:981:32)
    at Function.Module._load (node:internal/modules/cjs/loader:822:12)
    at Object.<anonymous> (/usr/local/lib/node_modules/pm2/lib/ProcessContainerFork.js:33:23)
    at Module._compile (node:internal/modules/cjs/loader:1103:14)
    at Object.Module._extensions..js (node:internal/modules/cjs/loader:1155:10)
    at Module.load (node:internal/modules/cjs/loader:981:32)
    at Function.Module._load (node:internal/modules/cjs/loader:822:12) {
  errno: -1,
  syscall: 'open',
  code: 'EPERM',
  path: '/Users/sparrow/Desktop/sparrow-work/study/star/anything/summary/autoCleanPm2Flush/index.js'
}
Error: EPERM: operation not permitted, open '/Users/sparrow/Desktop/sparrow-work/study/star/anything/summary/autoCleanPm2Flush/index.js'
    at Object.openSync (node:fs:585:3)
    at Object.readFileSync (node:fs:453:35)
    at Object.Module._extensions..js (node:internal/modules/cjs/loader:1120:18)
    at Module.load (node:internal/modules/cjs/loader:981:32)
    at Function.Module._load (node:internal/modules/cjs/loader:822:12)
    at Object.<anonymous> (/usr/local/lib/node_modules/pm2/lib/ProcessContainerFork.js:33:23)
    at Module._compile (node:internal/modules/cjs/loader:1103:14)
    at Object.Module._extensions..js (node:internal/modules/cjs/loader:1155:10)
    at Module.load (node:internal/modules/cjs/loader:981:32)
    at Function.Module._load (node:internal/modules/cjs/loader:822:12) {
  errno: -1,
  syscall: 'open',
  code: 'EPERM',
  path: '/Users/sparrow/Desktop/sparrow-work/study/star/anything/summary/autoCleanPm2Flush/index.js'
}
Error: EPERM: operation not permitted, open '/Users/sparrow/Desktop/sparrow-work/study/star/anything/summary/autoCleanPm2Flush/index.js'
    at Object.openSync (node:fs:585:3)
    at Object.readFileSync (node:fs:453:35)
    at Object.Module._extensions..js (node:internal/modules/cjs/loader:1120:18)
    at Module.load (node:internal/modules/cjs/loader:981:32)
    at Function.Module._load (node:internal/modules/cjs/loader:822:12)
    at Object.<anonymous> (/usr/local/lib/node_modules/pm2/lib/ProcessContainerFork.js:33:23)
    at Module._compile (node:internal/modules/cjs/loader:1103:14)
    at Object.Module._extensions..js (node:internal/modules/cjs/loader:1155:10)
    at Module.load (node:internal/modules/cjs/loader:981:32)
    at Function.Module._load (node:internal/modules/cjs/loader:822:12) {
  errno: -1,
  syscall: 'open',
  code: 'EPERM',
  path: '/Users/sparrow/Desktop/sparrow-work/study/star/anything/summary/autoCleanPm2Flush/index.js'
}
Error: EPERM: operation not permitted, open '/Users/sparrow/Desktop/sparrow-work/study/star/anything/summary/autoCleanPm2Flush/index.js'
    at Object.openSync (node:fs:585:3)
    at Object.readFileSync (node:fs:453:35)
    at Object.Module._extensions..js (node:internal/modules/cjs/loader:1120:18)
    at Module.load (node:internal/modules/cjs/loader:981:32)
    at Function.Module._load (node:internal/modules/cjs/loader:822:12)
    at Object.<anonymous> (/usr/local/lib/node_modules/pm2/lib/ProcessContainerFork.js:33:23)
    at Module._compile (node:internal/modules/cjs/loader:1103:14)
    at Object.Module._extensions..js (node:internal/modules/cjs/loader:1155:10)
    at Module.load (node:internal/modules/cjs/loader:981:32)
    at Function.Module._load (node:internal/modules/cjs/loader:822:12) {
  errno: -1,
  syscall: 'open',
  code: 'EPERM',
  path: '/Users/sparrow/Desktop/sparrow-work/study/star/anything/summary/autoCleanPm2Flush/index.js'
}
Error: EPERM: operation not permitted, open '/Users/sparrow/Desktop/sparrow-work/study/star/anything/summary/autoCleanPm2Flush/index.js'
    at Object.openSync (node:fs:585:3)
    at Object.readFileSync (node:fs:453:35)
    at Object.Module._extensions..js (node:internal/modules/cjs/loader:1120:18)
    at Module.load (node:internal/modules/cjs/loader:981:32)
    at Function.Module._load (node:internal/modules/cjs/loader:822:12)
    at Object.<anonymous> (/usr/local/lib/node_modules/pm2/lib/ProcessContainerFork.js:33:23)
    at Module._compile (node:internal/modules/cjs/loader:1103:14)
    at Object.Module._extensions..js (node:internal/modules/cjs/loader:1155:10)
    at Module.load (node:internal/modules/cjs/loader:981:32)
    at Function.Module._load (node:internal/modules/cjs/loader:822:12) {
  errno: -1,
  syscall: 'open',
  code: 'EPERM',
  path: '/Users/sparrow/Desktop/sparrow-work/study/star/anything/summary/autoCleanPm2Flush/index.js'
}
Error: EPERM: operation not permitted, open '/Users/sparrow/Desktop/sparrow-work/study/star/anything/summary/autoCleanPm2Flush/index.js'
    at Object.openSync (node:fs:585:3)
    at Object.readFileSync (node:fs:453:35)
    at Object.Module._extensions..js (node:internal/modules/cjs/loader:1120:18)
    at Module.load (node:internal/modules/cjs/loader:981:32)
    at Function.Module._load (node:internal/modules/cjs/loader:822:12)
    at Object.<anonymous> (/usr/local/lib/node_modules/pm2/lib/ProcessContainerFork.js:33:23)
    at Module._compile (node:internal/modules/cjs/loader:1103:14)
    at Object.Module._extensions..js (node:internal/modules/cjs/loader:1155:10)
    at Module.load (node:internal/modules/cjs/loader:981:32)
    at Function.Module._load (node:internal/modules/cjs/loader:822:12) {
  errno: -1,
  syscall: 'open',
  code: 'EPERM',
  path: '/Users/sparrow/Desktop/sparrow-work/study/star/anything/summary/autoCleanPm2Flush/index.js'
}
Error: EPERM: operation not permitted, open '/Users/sparrow/Desktop/sparrow-work/study/star/anything/summary/autoCleanPm2Flush/index.js'
    at Object.openSync (node:fs:585:3)
    at Object.readFileSync (node:fs:453:35)
    at Object.Module._extensions..js (node:internal/modules/cjs/loader:1120:18)
    at Module.load (node:internal/modules/cjs/loader:981:32)
    at Function.Module._load (node:internal/modules/cjs/loader:822:12)
    at Object.<anonymous> (/usr/local/lib/node_modules/pm2/lib/ProcessContainerFork.js:33:23)
    at Module._compile (node:internal/modules/cjs/loader:1103:14)
    at Object.Module._extensions..js (node:internal/modules/cjs/loader:1155:10)
    at Module.load (node:internal/modules/cjs/loader:981:32)
    at Function.Module._load (node:internal/modules/cjs/loader:822:12) {
  errno: -1,
  syscall: 'open',
  code: 'EPERM',
  path: '/Users/sparrow/Desktop/sparrow-work/study/star/anything/summary/autoCleanPm2Flush/index.js'
}
Error: EPERM: operation not permitted, open '/Users/sparrow/Desktop/sparrow-work/study/star/anything/summary/autoCleanPm2Flush/index.js'
    at Object.openSync (node:fs:585:3)
    at Object.readFileSync (node:fs:453:35)
    at Object.Module._extensions..js (node:internal/modules/cjs/loader:1120:18)
    at Module.load (node:internal/modules/cjs/loader:981:32)
    at Function.Module._load (node:internal/modules/cjs/loader:822:12)
    at Object.<anonymous> (/usr/local/lib/node_modules/pm2/lib/ProcessContainerFork.js:33:23)
    at Module._compile (node:internal/modules/cjs/loader:1103:14)
    at Object.Module._extensions..js (node:internal/modules/cjs/loader:1155:10)
    at Module.load (node:internal/modules/cjs/loader:981:32)
    at Function.Module._load (node:internal/modules/cjs/loader:822:12) {
  errno: -1,
  syscall: 'open',
  code: 'EPERM',
  path: '/Users/sparrow/Desktop/sparrow-work/study/star/anything/summary/autoCleanPm2Flush/index.js'
}
Error: EPERM: operation not permitted, open '/Users/sparrow/Desktop/sparrow-work/study/star/anything/summary/autoCleanPm2Flush/index.js'
    at Object.openSync (node:fs:585:3)
    at Object.readFileSync (node:fs:453:35)
    at Object.Module._extensions..js (node:internal/modules/cjs/loader:1120:18)
    at Module.load (node:internal/modules/cjs/loader:981:32)
    at Function.Module._load (node:internal/modules/cjs/loader:822:12)
    at Object.<anonymous> (/usr/local/lib/node_modules/pm2/lib/ProcessContainerFork.js:33:23)
    at Module._compile (node:internal/modules/cjs/loader:1103:14)
    at Object.Module._extensions..js (node:internal/modules/cjs/loader:1155:10)
    at Module.load (node:internal/modules/cjs/loader:981:32)
    at Function.Module._load (node:internal/modules/cjs/loader:822:12) {
  errno: -1,
  syscall: 'open',
  code: 'EPERM',
  path: '/Users/sparrow/Desktop/sparrow-work/study/star/anything/summary/autoCleanPm2Flush/index.js'
}
Error: EPERM: operation not permitted, open '/Users/sparrow/Desktop/sparrow-work/study/star/anything/summary/autoCleanPm2Flush/index.js'
    at Object.openSync (node:fs:585:3)
    at Object.readFileSync (node:fs:453:35)
    at Object.Module._extensions..js (node:internal/modules/cjs/loader:1120:18)
    at Module.load (node:internal/modules/cjs/loader:981:32)
    at Function.Module._load (node:internal/modules/cjs/loader:822:12)
    at Object.<anonymous> (/usr/local/lib/node_modules/pm2/lib/ProcessContainerFork.js:33:23)
    at Module._compile (node:internal/modules/cjs/loader:1103:14)
    at Object.Module._extensions..js (node:internal/modules/cjs/loader:1155:10)
    at Module.load (node:internal/modules/cjs/loader:981:32)
    at Function.Module._load (node:internal/modules/cjs/loader:822:12) {
  errno: -1,
  syscall: 'open',
  code: 'EPERM',
  path: '/Users/sparrow/Desktop/sparrow-work/study/star/anything/summary/autoCleanPm2Flush/index.js'
}
Error: EPERM: operation not permitted, open '/Users/sparrow/Desktop/sparrow-work/study/star/anything/summary/autoCleanPm2Flush/index.js'
    at Object.openSync (node:fs:585:3)
    at Object.readFileSync (node:fs:453:35)
    at Object.Module._extensions..js (node:internal/modules/cjs/loader:1120:18)
    at Module.load (node:internal/modules/cjs/loader:981:32)
    at Function.Module._load (node:internal/modules/cjs/loader:822:12)
    at Object.<anonymous> (/usr/local/lib/node_modules/pm2/lib/ProcessContainerFork.js:33:23)
    at Module._compile (node:internal/modules/cjs/loader:1103:14)
    at Object.Module._extensions..js (node:internal/modules/cjs/loader:1155:10)
    at Module.load (node:internal/modules/cjs/loader:981:32)
    at Function.Module._load (node:internal/modules/cjs/loader:822:12) {
  errno: -1,
  syscall: 'open',
  code: 'EPERM',
  path: '/Users/sparrow/Desktop/sparrow-work/study/star/anything/summary/autoCleanPm2Flush/index.js'
}
Error: EPERM: operation not permitted, open '/Users/sparrow/Desktop/sparrow-work/study/star/anything/summary/autoCleanPm2Flush/index.js'
    at Object.openSync (node:fs:585:3)
    at Object.readFileSync (node:fs:453:35)
    at Object.Module._extensions..js (node:internal/modules/cjs/loader:1120:18)
    at Module.load (node:internal/modules/cjs/loader:981:32)
    at Function.Module._load (node:internal/modules/cjs/loader:822:12)
    at Object.<anonymous> (/usr/local/lib/node_modules/pm2/lib/ProcessContainerFork.js:33:23)
    at Module._compile (node:internal/modules/cjs/loader:1103:14)
    at Object.Module._extensions..js (node:internal/modules/cjs/loader:1155:10)
    at Module.load (node:internal/modules/cjs/loader:981:32)
    at Function.Module._load (node:internal/modules/cjs/loader:822:12) {
  errno: -1,
  syscall: 'open',
  code: 'EPERM',
  path: '/Users/sparrow/Desktop/sparrow-work/study/star/anything/summary/autoCleanPm2Flush/index.js'
}
Error: EPERM: operation not permitted, open '/Users/sparrow/Desktop/sparrow-work/study/star/anything/summary/autoCleanPm2Flush/index.js'
    at Object.openSync (node:fs:585:3)
    at Object.readFileSync (node:fs:453:35)
    at Object.Module._extensions..js (node:internal/modules/cjs/loader:1120:18)
    at Module.load (node:internal/modules/cjs/loader:981:32)
    at Function.Module._load (node:internal/modules/cjs/loader:822:12)
    at Object.<anonymous> (/usr/local/lib/node_modules/pm2/lib/ProcessContainerFork.js:33:23)
    at Module._compile (node:internal/modules/cjs/loader:1103:14)
    at Object.Module._extensions..js (node:internal/modules/cjs/loader:1155:10)
    at Module.load (node:internal/modules/cjs/loader:981:32)
    at Function.Module._load (node:internal/modules/cjs/loader:822:12) {
  errno: -1,
  syscall: 'open',
  code: 'EPERM',
  path: '/Users/sparrow/Desktop/sparrow-work/study/star/anything/summary/autoCleanPm2Flush/index.js'
}
